
CPPTRAJ: Trajectory Analysis. V17.00
    ___  ___  ___  ___
     | \/ | \/ | \/ | 
    _|_/\_|_/\_|_/\_|_

| Date/time: 02/13/18 16:17:56
| Available memory: 9.849 GB

INPUT: Reading input from 'generated/a-bam-p/dummy.pdb.in'
  [parm original/a-bam-p/full.topo]
	Reading 'original/a-bam-p/full.topo' as Amber Topology
	Radius Set: modified Bondi radii (mbondi)
  [trajin original/a-bam-p/full.crds]
	Reading 'original/a-bam-p/full.crds' as Amber Restart
  [strip !:DUM]
    STRIP: Stripping atoms in mask [!:DUM]
  [trajout generated/a-bam-p/dummy.pdb]
	Writing 'generated/a-bam-p/dummy.pdb' as PDB
---------- RUN BEGIN -------------------------------------------------

PARAMETER FILES (1 total):
 0: full.topo, 6159 atoms, 2023 res, box: Orthogonal, 2018 mol, 2000 solvent

INPUT TRAJECTORIES (1 total):
 0: 'full.crds' is an AMBER restart file, no velocities, Parm full.topo (Orthogonal box) (reading 1 of 1)
  Coordinate processing will occur on 1 frames.

OUTPUT TRAJECTORIES (1 total):
  'dummy.pdb' (1 frames) is a PDB file

BEGIN TRAJECTORY PROCESSING:
.....................................................
ACTION SETUP FOR PARM 'full.topo' (1 actions):
  0: [strip !:DUM]
	Stripping 6156 atoms.
	Stripped topology: 3 atoms, 3 res, box: Orthogonal, 3 mol
Warning: No PDB space group specified.
----- full.crds (1-1, 1) -----
100% Complete.

Read 1 frames and processed 1 frames.
TIME: Avg. throughput= 3571.4286 frames / second.

ACTION OUTPUT:

RUN TIMING:
TIME:		Init               : 0.0000 s (  3.94%)
TIME:		Trajectory Process : 0.0003 s ( 84.85%)
TIME:		Action Post        : 0.0000 s (  0.00%)
TIME:		Analysis           : 0.0000 s (  0.00%)
TIME:		Data File Write    : 0.0000 s (  0.30%)
TIME:		Other              : 0.0000 s (  0.11%)
TIME:	Run Total 0.0003 s
---------- RUN END ---------------------------------------------------
TIME: Total execution time: 0.0121 seconds.
--------------------------------------------------------------------------------
To cite CPPTRAJ use:
Daniel R. Roe and Thomas E. Cheatham, III, "PTRAJ and CPPTRAJ: Software for
  Processing and Analysis of Molecular Dynamics Trajectory Data". J. Chem.
  Theory Comput., 2013, 9 (7), pp 3084-3095.

