-I: Adding /home/dslochower/data/applications/amber16gnu/dat/leap/prep to search path.
-I: Adding /home/dslochower/data/applications/amber16gnu/dat/leap/lib to search path.
-I: Adding /home/dslochower/data/applications/amber16gnu/dat/leap/parm to search path.
-I: Adding /home/dslochower/data/applications/amber16gnu/dat/leap/cmd to search path.
-f: Source dummy.prmtop.in.

Welcome to LEaP!
(no leaprc in search path)
Sourcing: ./dummy.prmtop.in
Could not open file leaprc.protein.ff14sb: not found
----- Source: /home/dslochower/data/applications/amber16gnu/dat/leap/cmd/leaprc.gaff
----- Source of /home/dslochower/data/applications/amber16gnu/dat/leap/cmd/leaprc.gaff done
Log file: ./leap.log
Loading parameters: /home/dslochower/data/applications/amber16gnu/dat/leap/parm/gaff.dat
Reading title:
AMBER General Force Field for organic molecules (Version 1.8, Mar 2015)
Loading parameters: ./frcmod.dum
Reading force field modification type file (frcmod)
Reading title:
Parameters for a "Lead-like" Dummy Atom
Unknown keyword:          in parameter file. Perhaps a format error?
Loading Mol2 file: ./dum.mol2
Reading MOLECULE named DUM
Loading PDB file: ./dummy.pdb
  total atoms in file: 3
Checking Unit.
Building topology.
Building atom parameters.
Building bond parameters.
Building angle parameters.
Building proper torsion parameters.
Building improper torsion parameters.
 total 0 improper torsions applied
Building H-Bond parameters.
Incorporating Non-Bonded adjustments.
Not Marking per-residue atom chain types.
Marking per-residue atom chain types.
 (no restraints)
	Quit
