
Welcome to antechamber 17.3: molecular input file processor.

acdoctor mode is on: check and diagnosis problems in the input file.
-- Check Format for mol2 File --
   Status: pass
-- Check Unusual Elements --
   Status: pass
-- Check Open Valences --
   Status: pass
-- Check Geometry --
      for those bonded   
      for those not bonded   
   Status: pass
-- Check Weird Bonds --
   Status: pass
-- Check Number of Units --
   Status: pass
acdoctor mode has completed checking the input file.


---Judge bond type for Residue 1 with ID of 1 and Name of MGO ---

---Judge bond type for Residue 2 with ID of 2 and Name of MGO ---

---Judge bond type for Residue 3 with ID of 3 and Name of MGO ---

---Judge bond type for Residue 4 with ID of 4 and Name of MGO ---

---Judge bond type for Residue 5 with ID of 5 and Name of MGO ---

---Judge bond type for Residue 6 with ID of 6 and Name of MGO ---

