
CPPTRAJ: Trajectory Analysis. V17.00
    ___  ___  ___  ___
     | \/ | \/ | \/ | 
    _|_/\_|_/\_|_/\_|_

| Date/time: 02/13/18 16:17:56
| Available memory: 9.848 GB

INPUT: Reading input from 'generated/a-bam-p/water_ions.pdb.in'
  [parm original/a-bam-p/full.topo]
	Reading 'original/a-bam-p/full.topo' as Amber Topology
	Radius Set: modified Bondi radii (mbondi)
  [trajin original/a-bam-p/full.crds]
	Reading 'original/a-bam-p/full.crds' as Amber Restart
  [strip :MGO]
    STRIP: Stripping atoms in mask [:MGO]
  [strip :BAM]
    STRIP: Stripping atoms in mask [:BAM]
  [strip :DUM]
    STRIP: Stripping atoms in mask [:DUM]
  [trajout generated/a-bam-p/water_ions.pdb]
	Writing 'generated/a-bam-p/water_ions.pdb' as PDB
---------- RUN BEGIN -------------------------------------------------

PARAMETER FILES (1 total):
 0: full.topo, 6159 atoms, 2023 res, box: Orthogonal, 2018 mol, 2000 solvent

INPUT TRAJECTORIES (1 total):
 0: 'full.crds' is an AMBER restart file, no velocities, Parm full.topo (Orthogonal box) (reading 1 of 1)
  Coordinate processing will occur on 1 frames.

OUTPUT TRAJECTORIES (1 total):
  'water_ions.pdb' (1 frames) is a PDB file

BEGIN TRAJECTORY PROCESSING:
.....................................................
ACTION SETUP FOR PARM 'full.topo' (3 actions):
  0: [strip :MGO]
	Stripping 126 atoms.
	Stripped topology: 6033 atoms, 2017 res, box: Orthogonal, 2017 mol, 2000 solvent
  1: [strip :BAM]
	Stripping 17 atoms.
	Stripped topology: 6016 atoms, 2016 res, box: Orthogonal, 2016 mol, 2000 solvent
  2: [strip :DUM]
	Stripping 3 atoms.
	Stripped topology: 6013 atoms, 2013 res, box: Orthogonal, 2013 mol, 2000 solvent
Warning: No PDB space group specified.
----- full.crds (1-1, 1) -----
100% Complete.

Read 1 frames and processed 1 frames.
TIME: Avg. throughput= 35.2659 frames / second.

ACTION OUTPUT:

RUN TIMING:
TIME:		Init               : 0.0000 s (  0.05%)
TIME:		Trajectory Process : 0.0284 s ( 95.94%)
TIME:		Action Post        : 0.0000 s (  0.00%)
TIME:		Analysis           : 0.0000 s (  0.00%)
TIME:		Data File Write    : 0.0000 s (  0.01%)
TIME:		Other              : 0.0012 s (  0.04%)
TIME:	Run Total 0.0296 s
---------- RUN END ---------------------------------------------------
TIME: Total execution time: 0.0415 seconds.
--------------------------------------------------------------------------------
To cite CPPTRAJ use:
Daniel R. Roe and Thomas E. Cheatham, III, "PTRAJ and CPPTRAJ: Software for
  Processing and Analysis of Molecular Dynamics Trajectory Data". J. Chem.
  Theory Comput., 2013, 9 (7), pp 3084-3095.

