
          -------------------------------------------------------
          Amber 16 SANDER                              2016
          -------------------------------------------------------

| Run on 02/05/2018 at 16:20:10

|   Executable path: sander
| Working directory: /home/dslochower/hgst-3tb-data/projects/smirnoff-host-guest/generated
|          Hostname: warthog

  [-O]verwriting output

File Assignments:
|  MDIN: solvated_smirnoff.in                                                  
| MDOUT: solvated_smirnoff.out                                                 
|INPCRD: solvated_smirnoff.inpcrd                                              
|  PARM: solvated_smirnoff.prmtop                                              
|RESTRT: solvated_smirnoff.rst                                                 
|  REFC: solvated_smirnoff.inpcrd                                              
| MDVEL: mdvel                                                                 
| MDFRC: mdfrc                                                                 
|  MDEN: mden                                                                  
| MDCRD: mdcrd                                                                 
|MDINFO: mdinfo                                                                
|  MTMD: mtmd                                                                  
|INPDIP: inpdip                                                                
|RSTDIP: rstdip                                                                
|INPTRA: inptraj                                                               


 Here is the input file:

                                                                               
&cntrl                                                                         
    imin   = 1,                                                                
    maxcyc = 500,                                                              
    ncyc   = 250,                                                              
    ntb    = 0,                                                                
    igb    = 0,                                                                
    cut    = 12                                                                
/                                                                              

--------------------------------------------------------------------------------
   1.  RESOURCE   USE: 
--------------------------------------------------------------------------------

| Flags:                                                                        
|    NONPERIODIC   ntb=0 and igb=0: Setting up nonperiodic simulation
|Largest sphere to fit in unit cell has radius =    48.559
| New format PARM file being parsed.
| Version =    1.000 Date = 02/05/18 Time = 15:13:40
 NATOM  =    6804 NTYPES =    6804 NBONH =    4495 MBONA  =      93
 NTHETH =    2381 MTHETA =     137 NPHIH =     445 MPHIA  =     360
 NHPARM =       0 NPARM  =       0 NNB   =    9804 NRES   =    2231
 NBONA  =      93 NTHETA =     137 NPHIA =     360 NUMBND =      10
 NUMANG =       7 NPTRA  =     478 NATYP =       1 NPHB   =       0
 IFBOX  =       1 NMXRS  =      21 IFCAP =       0 NEXTRA =       0
 NCOPY  =       0


|     Memory Use     Allocated
|     Real            46825809
|     Hollerith          22645
|     Integer         46504960
|     Max Pairs        3919104
|     nblistReal         81648
|     nblist Int       1690092
|       Total           570123 kbytes

| Note: 1-4 EEL scale factors are being read from the topology file.

| Note: 1-4 VDW scale factors are being read from the topology file.
| Duplicated    0 dihedrals
| Duplicated    0 dihedrals

     BOX TYPE: RECTILINEAR

--------------------------------------------------------------------------------
   2.  CONTROL  DATA  FOR  THE  RUN
--------------------------------------------------------------------------------

                                                                                

General flags:
     imin    =       1, nmropt  =       0

Nature and format of input:
     ntx     =       1, irest   =       0, ntrx    =       1

Nature and format of output:
     ntxo    =       2, ntpr    =      50, ntrx    =       1, ntwr    =       1
     iwrap   =       0, ntwx    =       0, ntwv    =       0, ntwe    =       0
     ioutfm  =       1, ntwprt  =       0, idecomp =       0, rbornstat=      0

Potential function:
     ntf     =       1, ntb     =       0, igb     =       0, nsnb    =      25
     ipol    =       0, gbsa    =       0, iesp    =       0
     dielc   =   1.00000, cut     =  12.00000, intdiel =   1.00000

Frozen or restrained atoms:
     ibelly  =       0, ntr     =       0

Energy minimization:
     maxcyc  =     500, ncyc    =     250, ntmin   =       1
     dx0     =   0.01000, drms    =   0.00010
|  INFO: Old style inpcrd file read


--------------------------------------------------------------------------------
   3.  ATOMIC COORDINATES AND VELOCITIES
--------------------------------------------------------------------------------

                                                                                
 begin time read from input coords =     0.000 ps

 Number of triangulated 3-point waters found:        0
|    Read coords time           0.01 ( 0.01% of Total)
|                Build the list             0.95 (100.0% of List )
|                Other                      0.00 ( 0.05% of List )
|             List time                  0.95 ( 1.80% of Nonbo)
|                   Short_ene time            51.80 (100.0% of Direc)
|                   Other                      0.04 ( 0.08% of Direc)
|                Direct Ewald time         51.84 (100.0% of Ewald)
|                Other                      0.02 ( 0.03% of Ewald)
|             Ewald time                51.85 (98.20% of Nonbo)
|          Nonbond force             52.81 (99.53% of Force)
|          Bond/Angle/Dihedral        0.24 ( 0.46% of Force)
|          Other                      0.00 ( 0.01% of Force)
|       Force time                53.05 (100.0% of Runmd)
|    Runmd Time                53.05 (67.04% of Total)
|    Other                     26.08 (32.95% of Total)
| Total time                79.14 (100.0% of ALL  )

| Number of list builds   :         21

| Highest rstack allocated:       2220
| Highest istack allocated:        444
