
CPPTRAJ: Trajectory Analysis. V17.00
    ___  ___  ___  ___
     | \/ | \/ | \/ | 
    _|_/\_|_/\_|_/\_|_

| Date/time: 02/05/18 20:33:51
| Available memory: 5.293 GB

INPUT: Reading input from 'generated/solvated.pdb.in'
  [parm original/solvated.prmtop]
	Reading 'original/solvated.prmtop' as Amber Topology
	Radius Set: modified Bondi radii (mbondi)
  [trajin original/solvated.inpcrd]
	Reading 'original/solvated.inpcrd' as Amber Restart
  [trajout generated/solvated.pdb conect]
	Writing 'generated/solvated.pdb' as PDB
---------- RUN BEGIN -------------------------------------------------

PARAMETER FILES (1 total):
 0: solvated.prmtop, 6804 atoms, 2231 res, box: Orthogonal, 2225 mol, 2210 solvent

INPUT TRAJECTORIES (1 total):
 0: 'solvated.inpcrd' is an AMBER restart file, no velocities, Parm solvated.prmtop (Orthogonal box) (reading 1 of 1)
  Coordinate processing will occur on 1 frames.

OUTPUT TRAJECTORIES (1 total):
  'solvated.pdb' (1 frames) is a PDB file with CONECT records

BEGIN TRAJECTORY PROCESSING:
Warning: No PDB space group specified.
----- solvated.inpcrd (1-1, 1) -----
100% Complete.

Read 1 frames and processed 1 frames.
TIME: Avg. throughput= 55.8378 frames / second.

ACTION OUTPUT:

RUN TIMING:
TIME:		Init               : 0.0000 s (  0.05%)
TIME:		Trajectory Process : 0.0179 s ( 79.57%)
TIME:		Action Post        : 0.0000 s (  0.00%)
TIME:		Analysis           : 0.0000 s (  0.00%)
TIME:		Data File Write    : 0.0000 s (  0.00%)
TIME:		Other              : 0.0046 s (  0.20%)
TIME:	Run Total 0.0225 s
---------- RUN END ---------------------------------------------------
TIME: Total execution time: 0.0343 seconds.
--------------------------------------------------------------------------------
To cite CPPTRAJ use:
Daniel R. Roe and Thomas E. Cheatham, III, "PTRAJ and CPPTRAJ: Software for
  Processing and Analysis of Molecular Dynamics Trajectory Data". J. Chem.
  Theory Comput., 2013, 9 (7), pp 3084-3095.

